<?xml version="1.0" encoding="UTF-8"?>
<!-- Generated by org.testng.reporters.JUnitXMLReporter -->
<testsuite hostname="FVFZM5TLLYWG" ignored="1" name="Test2" tests="3" failures="0" timestamp="2021-01-20T09:16:14 CET" time="8.941" errors="0">
  <testcase name="testMethodB" time="2.188" classname="com.dataparameter.dataprvdr.dataprovidermultiplewithitestcontest"/>
  <testcase name="testMethodB" time="2.204" classname="com.dataparameter.dataprvdr.dataprovidermultiplewithitestcontest"/>
  <testcase name="testMethodB" time="2.111" classname="com.dataparameter.dataprvdr.dataprovidermultiplewithitestcontest"/>
  <testcase name="testMethodA" time="0.0" classname="com.dataparameter.dataprvdr.dataprovidermultiplewithitestcontest">
    <ignored/>
  </testcase> <!-- testMethodA -->
</testsuite> <!-- Test2 -->
