<?xml version="1.0" encoding="UTF-8"?>
<!-- Generated by org.testng.reporters.JUnitXMLReporter -->
<testsuite hostname="FVFZM5TLLYWG" ignored="1" name="Test" tests="3" failures="3" timestamp="2021-01-20T00:07:08 CET" time="0.068" errors="0">
  <testcase name="testMethodA" time="0.007" classname="com.dataparameter.dataprvdr.dataprovidermultiplewithitestcontest">
    <failure type="java.lang.NullPointerException">
      <![CDATA[java.lang.NullPointerException
at com.dataparameter.dataprvdr.dataprovidermultiplewithitestcontest.testMethodA(dataprovidermultiplewithitestcontest.java:38)
at java.util.ArrayList.forEach(ArrayList.java:1257)
... Removed 27 stack frames]]>
    </failure>
  </testcase> <!-- testMethodA -->
  <testcase name="testMethodA" time="0.007" classname="com.dataparameter.dataprvdr.dataprovidermultiplewithitestcontest">
    <failure type="java.lang.NullPointerException">
      <![CDATA[java.lang.NullPointerException
at com.dataparameter.dataprvdr.dataprovidermultiplewithitestcontest.testMethodA(dataprovidermultiplewithitestcontest.java:38)
at java.util.ArrayList.forEach(ArrayList.java:1257)
... Removed 27 stack frames]]>
    </failure>
  </testcase> <!-- testMethodA -->
  <testcase name="testMethodA" time="0.004" classname="com.dataparameter.dataprvdr.dataprovidermultiplewithitestcontest">
    <failure type="java.lang.NullPointerException">
      <![CDATA[java.lang.NullPointerException
at com.dataparameter.dataprvdr.dataprovidermultiplewithitestcontest.testMethodA(dataprovidermultiplewithitestcontest.java:38)
at java.util.ArrayList.forEach(ArrayList.java:1257)
... Removed 27 stack frames]]>
    </failure>
  </testcase> <!-- testMethodA -->
  <testcase name="testMethodB" time="0.0" classname="com.dataparameter.dataprvdr.dataprovidermultiplewithitestcontest">
    <ignored/>
  </testcase> <!-- testMethodB -->
</testsuite> <!-- Test -->
