<?xml version="1.0" encoding="UTF-8"?>
<!-- Generated by org.testng.reporters.JUnitXMLReporter -->
<testsuite hostname="FVFZM5TLLYWG" ignored="1" name="Test1" tests="3" failures="0" timestamp="2021-01-20T09:16:05 CET" time="0.119" errors="0">
  <testcase name="@BeforeTest openurl" time="0.0" classname="com.dataparameter.dataprvdr.dataprovidermultiplewithitestcontest">
    <failure type="java.lang.NullPointerException">
      <![CDATA[java.lang.NullPointerException
at com.dataparameter.dataprvdr.dataprovidermultiplewithitestcontest.openurl(dataprovidermultiplewithitestcontest.java:33)
... Removed 24 stack frames]]>
    </failure>
  </testcase> <!-- @BeforeTest openurl -->
  <testcase name="@AfterTest close" time="-1.611130565188E9" classname="com.dataparameter.dataprvdr.dataprovidermultiplewithitestcontest">
    <skipped/>
  </testcase> <!-- @AfterTest close -->
  <testcase name="testMethodA" time="0.0" classname="com.dataparameter.dataprvdr.dataprovidermultiplewithitestcontest">
    <skipped/>
  </testcase> <!-- testMethodA -->
  <testcase name="testMethodA" time="0.0" classname="com.dataparameter.dataprvdr.dataprovidermultiplewithitestcontest">
    <skipped/>
  </testcase> <!-- testMethodA -->
  <testcase name="testMethodA" time="0.0" classname="com.dataparameter.dataprvdr.dataprovidermultiplewithitestcontest">
    <skipped/>
  </testcase> <!-- testMethodA -->
  <testcase name="testMethodB" time="0.0" classname="com.dataparameter.dataprvdr.dataprovidermultiplewithitestcontest">
    <ignored/>
  </testcase> <!-- testMethodB -->
</testsuite> <!-- Test1 -->
