<?xml version="1.0" encoding="UTF-8"?>
<testng-results skipped="3" failed="0" ignored="2" total="8" passed="3">
  <reporter-output>
  </reporter-output>
  <suite name="Suite" duration-ms="9136" started-at="2021-01-20T09:16:05 CET" finished-at="2021-01-20T09:16:14 CET">
    <groups>
      <group name="A">
        <method signature="dataprovidermultiplewithitestcontest.testMethodA(java.lang.String, java.lang.String)[pri:0, instance:com.dataparameter.dataprvdr.dataprovidermultiplewithitestcontest@2758fe70]" name="testMethodA" class="com.dataparameter.dataprvdr.dataprovidermultiplewithitestcontest"/>
      </group> <!-- A -->
      <group name="B">
        <method signature="dataprovidermultiplewithitestcontest.testMethodB(java.lang.String)[pri:0, instance:com.dataparameter.dataprvdr.dataprovidermultiplewithitestcontest@1c3a4799]" name="testMethodB" class="com.dataparameter.dataprvdr.dataprovidermultiplewithitestcontest"/>
      </group> <!-- B -->
    </groups>
    <test name="Test1" duration-ms="119" started-at="2021-01-20T09:16:05 CET" finished-at="2021-01-20T09:16:05 CET">
      <class name="com.dataparameter.dataprvdr.dataprovidermultiplewithitestcontest">
        <test-method status="FAIL" signature="openurl()[pri:0, instance:com.dataparameter.dataprvdr.dataprovidermultiplewithitestcontest@2758fe70]" name="openurl" is-config="true" duration-ms="0" started-at="2021-01-20T09:16:05 CET" finished-at="2021-01-20T09:16:05 CET">
          <exception class="java.lang.NullPointerException">
            <full-stacktrace>
              <![CDATA[java.lang.NullPointerException
at com.dataparameter.dataprvdr.dataprovidermultiplewithitestcontest.openurl(dataprovidermultiplewithitestcontest.java:33)
at sun.reflect.NativeMethodAccessorImpl.invoke0(Native Method)
at sun.reflect.NativeMethodAccessorImpl.invoke(NativeMethodAccessorImpl.java:62)
at sun.reflect.DelegatingMethodAccessorImpl.invoke(DelegatingMethodAccessorImpl.java:43)
at java.lang.reflect.Method.invoke(Method.java:498)
at org.testng.internal.MethodInvocationHelper.invokeMethod(MethodInvocationHelper.java:132)
at org.testng.internal.MethodInvocationHelper.invokeMethodConsideringTimeout(MethodInvocationHelper.java:61)
at org.testng.internal.ConfigInvoker.invokeConfigurationMethod(ConfigInvoker.java:366)
at org.testng.internal.ConfigInvoker.invokeConfigurations(ConfigInvoker.java:320)
at org.testng.TestRunner.invokeTestConfigurations(TestRunner.java:617)
at org.testng.TestRunner.beforeRun(TestRunner.java:607)
at org.testng.TestRunner.run(TestRunner.java:578)
at org.testng.SuiteRunner.runTest(SuiteRunner.java:384)
at org.testng.SuiteRunner.runSequentially(SuiteRunner.java:378)
at org.testng.SuiteRunner.privateRun(SuiteRunner.java:337)
at org.testng.SuiteRunner.run(SuiteRunner.java:286)
at org.testng.SuiteRunnerWorker.runSuite(SuiteRunnerWorker.java:53)
at org.testng.SuiteRunnerWorker.run(SuiteRunnerWorker.java:96)
at org.testng.TestNG.runSuitesSequentially(TestNG.java:1218)
at org.testng.TestNG.runSuitesLocally(TestNG.java:1140)
at org.testng.TestNG.runSuites(TestNG.java:1069)
at org.testng.TestNG.run(TestNG.java:1037)
at org.testng.remote.AbstractRemoteTestNG.run(AbstractRemoteTestNG.java:115)
at org.testng.remote.RemoteTestNG.initAndRun(RemoteTestNG.java:251)
at org.testng.remote.RemoteTestNG.main(RemoteTestNG.java:77)
]]>
            </full-stacktrace>
          </exception> <!-- java.lang.NullPointerException -->
          <reporter-output>
          </reporter-output>
        </test-method> <!-- openurl -->
        <test-method status="SKIP" signature="testMethodA(java.lang.String, java.lang.String)[pri:0, instance:com.dataparameter.dataprvdr.dataprovidermultiplewithitestcontest@2758fe70]" name="testMethodA" duration-ms="0" started-at="2021-01-20T09:16:05 CET" data-provider="SearchProvider" finished-at="2021-01-20T09:16:05 CET">
          <params>
            <param index="0">
              <value>
                <![CDATA[Guru99]]>
              </value>
            </param>
            <param index="1">
              <value>
                <![CDATA[India]]>
              </value>
            </param>
          </params>
          <exception class="java.lang.NullPointerException">
            <full-stacktrace>
              <![CDATA[java.lang.NullPointerException
at com.dataparameter.dataprvdr.dataprovidermultiplewithitestcontest.openurl(dataprovidermultiplewithitestcontest.java:33)
at sun.reflect.NativeMethodAccessorImpl.invoke0(Native Method)
at sun.reflect.NativeMethodAccessorImpl.invoke(NativeMethodAccessorImpl.java:62)
at sun.reflect.DelegatingMethodAccessorImpl.invoke(DelegatingMethodAccessorImpl.java:43)
at java.lang.reflect.Method.invoke(Method.java:498)
at org.testng.internal.MethodInvocationHelper.invokeMethod(MethodInvocationHelper.java:132)
at org.testng.internal.MethodInvocationHelper.invokeMethodConsideringTimeout(MethodInvocationHelper.java:61)
at org.testng.internal.ConfigInvoker.invokeConfigurationMethod(ConfigInvoker.java:366)
at org.testng.internal.ConfigInvoker.invokeConfigurations(ConfigInvoker.java:320)
at org.testng.TestRunner.invokeTestConfigurations(TestRunner.java:617)
at org.testng.TestRunner.beforeRun(TestRunner.java:607)
at org.testng.TestRunner.run(TestRunner.java:578)
at org.testng.SuiteRunner.runTest(SuiteRunner.java:384)
at org.testng.SuiteRunner.runSequentially(SuiteRunner.java:378)
at org.testng.SuiteRunner.privateRun(SuiteRunner.java:337)
at org.testng.SuiteRunner.run(SuiteRunner.java:286)
at org.testng.SuiteRunnerWorker.runSuite(SuiteRunnerWorker.java:53)
at org.testng.SuiteRunnerWorker.run(SuiteRunnerWorker.java:96)
at org.testng.TestNG.runSuitesSequentially(TestNG.java:1218)
at org.testng.TestNG.runSuitesLocally(TestNG.java:1140)
at org.testng.TestNG.runSuites(TestNG.java:1069)
at org.testng.TestNG.run(TestNG.java:1037)
at org.testng.remote.AbstractRemoteTestNG.run(AbstractRemoteTestNG.java:115)
at org.testng.remote.RemoteTestNG.initAndRun(RemoteTestNG.java:251)
at org.testng.remote.RemoteTestNG.main(RemoteTestNG.java:77)
]]>
            </full-stacktrace>
          </exception> <!-- java.lang.NullPointerException -->
          <reporter-output>
          </reporter-output>
        </test-method> <!-- testMethodA -->
        <test-method status="SKIP" signature="testMethodA(java.lang.String, java.lang.String)[pri:0, instance:com.dataparameter.dataprvdr.dataprovidermultiplewithitestcontest@2758fe70]" name="testMethodA" duration-ms="0" started-at="2021-01-20T09:16:05 CET" data-provider="SearchProvider" finished-at="2021-01-20T09:16:05 CET">
          <params>
            <param index="0">
              <value>
                <![CDATA[Krishna]]>
              </value>
            </param>
            <param index="1">
              <value>
                <![CDATA[UK]]>
              </value>
            </param>
          </params>
          <exception class="java.lang.NullPointerException">
            <full-stacktrace>
              <![CDATA[java.lang.NullPointerException
at com.dataparameter.dataprvdr.dataprovidermultiplewithitestcontest.openurl(dataprovidermultiplewithitestcontest.java:33)
at sun.reflect.NativeMethodAccessorImpl.invoke0(Native Method)
at sun.reflect.NativeMethodAccessorImpl.invoke(NativeMethodAccessorImpl.java:62)
at sun.reflect.DelegatingMethodAccessorImpl.invoke(DelegatingMethodAccessorImpl.java:43)
at java.lang.reflect.Method.invoke(Method.java:498)
at org.testng.internal.MethodInvocationHelper.invokeMethod(MethodInvocationHelper.java:132)
at org.testng.internal.MethodInvocationHelper.invokeMethodConsideringTimeout(MethodInvocationHelper.java:61)
at org.testng.internal.ConfigInvoker.invokeConfigurationMethod(ConfigInvoker.java:366)
at org.testng.internal.ConfigInvoker.invokeConfigurations(ConfigInvoker.java:320)
at org.testng.TestRunner.invokeTestConfigurations(TestRunner.java:617)
at org.testng.TestRunner.beforeRun(TestRunner.java:607)
at org.testng.TestRunner.run(TestRunner.java:578)
at org.testng.SuiteRunner.runTest(SuiteRunner.java:384)
at org.testng.SuiteRunner.runSequentially(SuiteRunner.java:378)
at org.testng.SuiteRunner.privateRun(SuiteRunner.java:337)
at org.testng.SuiteRunner.run(SuiteRunner.java:286)
at org.testng.SuiteRunnerWorker.runSuite(SuiteRunnerWorker.java:53)
at org.testng.SuiteRunnerWorker.run(SuiteRunnerWorker.java:96)
at org.testng.TestNG.runSuitesSequentially(TestNG.java:1218)
at org.testng.TestNG.runSuitesLocally(TestNG.java:1140)
at org.testng.TestNG.runSuites(TestNG.java:1069)
at org.testng.TestNG.run(TestNG.java:1037)
at org.testng.remote.AbstractRemoteTestNG.run(AbstractRemoteTestNG.java:115)
at org.testng.remote.RemoteTestNG.initAndRun(RemoteTestNG.java:251)
at org.testng.remote.RemoteTestNG.main(RemoteTestNG.java:77)
]]>
            </full-stacktrace>
          </exception> <!-- java.lang.NullPointerException -->
          <reporter-output>
          </reporter-output>
        </test-method> <!-- testMethodA -->
        <test-method status="SKIP" signature="testMethodA(java.lang.String, java.lang.String)[pri:0, instance:com.dataparameter.dataprvdr.dataprovidermultiplewithitestcontest@2758fe70]" name="testMethodA" duration-ms="0" started-at="2021-01-20T09:16:05 CET" data-provider="SearchProvider" finished-at="2021-01-20T09:16:05 CET">
          <params>
            <param index="0">
              <value>
                <![CDATA[Bhupesh]]>
              </value>
            </param>
            <param index="1">
              <value>
                <![CDATA[USA]]>
              </value>
            </param>
          </params>
          <exception class="java.lang.NullPointerException">
            <full-stacktrace>
              <![CDATA[java.lang.NullPointerException
at com.dataparameter.dataprvdr.dataprovidermultiplewithitestcontest.openurl(dataprovidermultiplewithitestcontest.java:33)
at sun.reflect.NativeMethodAccessorImpl.invoke0(Native Method)
at sun.reflect.NativeMethodAccessorImpl.invoke(NativeMethodAccessorImpl.java:62)
at sun.reflect.DelegatingMethodAccessorImpl.invoke(DelegatingMethodAccessorImpl.java:43)
at java.lang.reflect.Method.invoke(Method.java:498)
at org.testng.internal.MethodInvocationHelper.invokeMethod(MethodInvocationHelper.java:132)
at org.testng.internal.MethodInvocationHelper.invokeMethodConsideringTimeout(MethodInvocationHelper.java:61)
at org.testng.internal.ConfigInvoker.invokeConfigurationMethod(ConfigInvoker.java:366)
at org.testng.internal.ConfigInvoker.invokeConfigurations(ConfigInvoker.java:320)
at org.testng.TestRunner.invokeTestConfigurations(TestRunner.java:617)
at org.testng.TestRunner.beforeRun(TestRunner.java:607)
at org.testng.TestRunner.run(TestRunner.java:578)
at org.testng.SuiteRunner.runTest(SuiteRunner.java:384)
at org.testng.SuiteRunner.runSequentially(SuiteRunner.java:378)
at org.testng.SuiteRunner.privateRun(SuiteRunner.java:337)
at org.testng.SuiteRunner.run(SuiteRunner.java:286)
at org.testng.SuiteRunnerWorker.runSuite(SuiteRunnerWorker.java:53)
at org.testng.SuiteRunnerWorker.run(SuiteRunnerWorker.java:96)
at org.testng.TestNG.runSuitesSequentially(TestNG.java:1218)
at org.testng.TestNG.runSuitesLocally(TestNG.java:1140)
at org.testng.TestNG.runSuites(TestNG.java:1069)
at org.testng.TestNG.run(TestNG.java:1037)
at org.testng.remote.AbstractRemoteTestNG.run(AbstractRemoteTestNG.java:115)
at org.testng.remote.RemoteTestNG.initAndRun(RemoteTestNG.java:251)
at org.testng.remote.RemoteTestNG.main(RemoteTestNG.java:77)
]]>
            </full-stacktrace>
          </exception> <!-- java.lang.NullPointerException -->
          <reporter-output>
          </reporter-output>
        </test-method> <!-- testMethodA -->
        <test-method status="SKIP" signature="close()[pri:0, instance:com.dataparameter.dataprvdr.dataprovidermultiplewithitestcontest@2758fe70]" name="close" is-config="true" duration-ms="-1611130565188" started-at="2021-01-20T09:16:05 CET" finished-at="1970-01-01T01:00:00 CET">
          <reporter-output>
          </reporter-output>
        </test-method> <!-- close -->
      </class> <!-- com.dataparameter.dataprvdr.dataprovidermultiplewithitestcontest -->
    </test> <!-- Test1 -->
    <test name="Test2" duration-ms="8941" started-at="2021-01-20T09:16:05 CET" finished-at="2021-01-20T09:16:14 CET">
      <class name="com.dataparameter.dataprvdr.dataprovidermultiplewithitestcontest">
        <test-method status="PASS" signature="launchchrome()[pri:0, instance:com.dataparameter.dataprvdr.dataprovidermultiplewithitestcontest@1c3a4799]" name="launchchrome" is-config="true" duration-ms="2850" started-at="2021-01-20T09:16:02 CET" finished-at="2021-01-20T09:16:05 CET">
          <reporter-output>
          </reporter-output>
        </test-method> <!-- launchchrome -->
        <test-method status="PASS" signature="openurl()[pri:0, instance:com.dataparameter.dataprvdr.dataprovidermultiplewithitestcontest@1c3a4799]" name="openurl" is-config="true" duration-ms="2298" started-at="2021-01-20T09:16:05 CET" finished-at="2021-01-20T09:16:07 CET">
          <reporter-output>
          </reporter-output>
        </test-method> <!-- openurl -->
        <test-method status="PASS" signature="testMethodB(java.lang.String)[pri:0, instance:com.dataparameter.dataprvdr.dataprovidermultiplewithitestcontest@1c3a4799]" name="testMethodB" duration-ms="2188" started-at="2021-01-20T09:16:07 CET" data-provider="SearchProvider" finished-at="2021-01-20T09:16:09 CET">
          <params>
            <param index="0">
              <value>
                <![CDATA[Canada]]>
              </value>
            </param>
          </params>
          <reporter-output>
          </reporter-output>
        </test-method> <!-- testMethodB -->
        <test-method status="PASS" signature="testMethodB(java.lang.String)[pri:0, instance:com.dataparameter.dataprvdr.dataprovidermultiplewithitestcontest@1c3a4799]" name="testMethodB" duration-ms="2204" started-at="2021-01-20T09:16:09 CET" data-provider="SearchProvider" finished-at="2021-01-20T09:16:11 CET">
          <params>
            <param index="0">
              <value>
                <![CDATA[Russia]]>
              </value>
            </param>
          </params>
          <reporter-output>
          </reporter-output>
        </test-method> <!-- testMethodB -->
        <test-method status="PASS" signature="testMethodB(java.lang.String)[pri:0, instance:com.dataparameter.dataprvdr.dataprovidermultiplewithitestcontest@1c3a4799]" name="testMethodB" duration-ms="2111" started-at="2021-01-20T09:16:11 CET" data-provider="SearchProvider" finished-at="2021-01-20T09:16:14 CET">
          <params>
            <param index="0">
              <value>
                <![CDATA[Japan]]>
              </value>
            </param>
          </params>
          <reporter-output>
          </reporter-output>
        </test-method> <!-- testMethodB -->
        <test-method status="PASS" signature="close()[pri:0, instance:com.dataparameter.dataprvdr.dataprovidermultiplewithitestcontest@1c3a4799]" name="close" is-config="true" duration-ms="133" started-at="2021-01-20T09:16:14 CET" finished-at="2021-01-20T09:16:14 CET">
          <reporter-output>
          </reporter-output>
        </test-method> <!-- close -->
        <test-method status="PASS" signature="afterteat()[pri:0, instance:com.dataparameter.dataprvdr.dataprovidermultiplewithitestcontest@1c3a4799]" name="afterteat" is-config="true" duration-ms="46" started-at="2021-01-20T09:16:14 CET" finished-at="2021-01-20T09:16:14 CET">
          <reporter-output>
          </reporter-output>
        </test-method> <!-- afterteat -->
      </class> <!-- com.dataparameter.dataprvdr.dataprovidermultiplewithitestcontest -->
    </test> <!-- Test2 -->
  </suite> <!-- Suite -->
</testng-results>
